Tue Mar 20 2018 22:12:55 GMT-0300 (E. South America Standard Time): GET /about
Tue Mar 20 2018 22:13:29 GMT-0300 (E. South America Standard Time): GET /
Tue Mar 20 2018 22:13:30 GMT-0300 (E. South America Standard Time): GET /about
Tue Mar 20 2018 22:13:32 GMT-0300 (E. South America Standard Time): GET /
Tue Mar 20 2018 22:13:34 GMT-0300 (E. South America Standard Time): GET /about
Tue Mar 20 2018 22:13:34 GMT-0300 (E. South America Standard Time): GET /about
Tue Mar 20 2018 22:13:35 GMT-0300 (E. South America Standard Time): GET /about
Tue Mar 20 2018 22:13:35 GMT-0300 (E. South America Standard Time): GET /about
Tue Mar 20 2018 22:13:35 GMT-0300 (E. South America Standard Time): GET /about
Tue Mar 20 2018 22:13:35 GMT-0300 (E. South America Standard Time): GET /about
Tue Mar 20 2018 22:13:35 GMT-0300 (E. South America Standard Time): GET /about
Tue Mar 20 2018 22:13:35 GMT-0300 (E. South America Standard Time): GET /about
Tue Mar 20 2018 22:13:36 GMT-0300 (E. South America Standard Time): GET /about
Tue Mar 20 2018 22:13:36 GMT-0300 (E. South America Standard Time): GET /about
Tue Mar 20 2018 22:17:31 GMT-0300 (E. South America Standard Time): GET /about
Tue Mar 20 2018 22:17:51 GMT-0300 (E. South America Standard Time): GET /about
Tue Mar 20 2018 22:19:24 GMT-0300 (E. South America Standard Time): GET /
Tue Mar 20 2018 22:19:26 GMT-0300 (E. South America Standard Time): GET /about
Wed Mar 21 2018 11:53:00 GMT-0300 (E. South America Standard Time): GET /
Wed Mar 21 2018 11:53:01 GMT-0300 (E. South America Standard Time): GET /about
Wed Mar 21 2018 11:53:02 GMT-0300 (E. South America Standard Time): GET /
Wed Mar 21 2018 11:53:03 GMT-0300 (E. South America Standard Time): GET /about
Sun Apr 01 2018 21:41:34 GMT-0300 (E. South America Standard Time): GET /
Sun Apr 01 2018 21:41:35 GMT-0300 (E. South America Standard Time): GET /favicon.ico
Sun Apr 01 2018 21:41:37 GMT-0300 (E. South America Standard Time): GET /projects
Sun Apr 01 2018 21:41:45 GMT-0300 (E. South America Standard Time): GET /
Sun Apr 01 2018 21:41:46 GMT-0300 (E. South America Standard Time): GET /projects
Sun Apr 01 2018 21:41:46 GMT-0300 (E. South America Standard Time): GET /about
Sun Apr 01 2018 21:41:49 GMT-0300 (E. South America Standard Time): GET /projects
